<?xml version="1.0" encoding="UTF-8"?>
<!-- Generated by org.testng.reporters.JUnitReportReporter -->
<testsuite hostname="DESKTOP-4O6QNOC" failures="0" tests="1" name="com.tests.test.TekarchApiExamScript" time="3.442" errors="0" timestamp="2022-10-16T20:07:35 CDT" skipped="0">
  <testcase classname="com.tests.test.TekarchApiExamScript" name="TC_03_delete_employee" time="3.442"/>
  <system-out/>
</testsuite> <!-- com.tests.test.TekarchApiExamScript -->
